03:31:35: Creating resource group General
03:31:35: Creating resource group Internal
03:31:35: Creating resource group Autodetect
03:31:35: Registering ResourceManager for type Mesh
03:31:35: Registering ResourceManager for type Material
03:31:35: Registering ResourceManager for type Skeleton
03:31:35: XMLSkeletonSerializer writing  skeleton data to C:/Users\Rolf\AppData\Roaming\Windmill\windmill\Profiles\hfrgaoj1.default/tmp/meshviewer1.xml...
03:31:35: Populating DOM...
03:31:35: Exporting bones..
03:31:35: There are 62 bones.
03:31:35:    Exporting Bone number 0
03:31:35:    Exporting Bone number 1
03:31:35:    Exporting Bone number 2
03:31:35:    Exporting Bone number 3
03:31:35:    Exporting Bone number 4
03:31:35:    Exporting Bone number 5
03:31:35:    Exporting Bone number 6
03:31:35:    Exporting Bone number 7
03:31:35:    Exporting Bone number 8
03:31:35:    Exporting Bone number 9
03:31:35:    Exporting Bone number 10
03:31:35:    Exporting Bone number 11
03:31:35:    Exporting Bone number 12
03:31:35:    Exporting Bone number 13
03:31:35:    Exporting Bone number 14
03:31:35:    Exporting Bone number 15
03:31:35:    Exporting Bone number 16
03:31:35:    Exporting Bone number 17
03:31:35:    Exporting Bone number 18
03:31:35:    Exporting Bone number 19
03:31:35:    Exporting Bone number 20
03:31:35:    Exporting Bone number 21
03:31:35:    Exporting Bone number 22
03:31:35:    Exporting Bone number 23
03:31:35:    Exporting Bone number 24
03:31:35:    Exporting Bone number 25
03:31:35:    Exporting Bone number 26
03:31:35:    Exporting Bone number 27
03:31:35:    Exporting Bone number 28
03:31:35:    Exporting Bone number 29
03:31:35:    Exporting Bone number 30
03:31:35:    Exporting Bone number 31
03:31:35:    Exporting Bone number 32
03:31:35:    Exporting Bone number 33
03:31:35:    Exporting Bone number 34
03:31:35:    Exporting Bone number 35
03:31:35:    Exporting Bone number 36
03:31:35:    Exporting Bone number 37
03:31:35:    Exporting Bone number 38
03:31:35:    Exporting Bone number 39
03:31:35:    Exporting Bone number 40
03:31:35:    Exporting Bone number 41
03:31:35:    Exporting Bone number 42
03:31:35:    Exporting Bone number 43
03:31:35:    Exporting Bone number 44
03:31:35:    Exporting Bone number 45
03:31:35:    Exporting Bone number 46
03:31:35:    Exporting Bone number 47
03:31:35:    Exporting Bone number 48
03:31:35:    Exporting Bone number 49
03:31:35:    Exporting Bone number 50
03:31:35:    Exporting Bone number 51
03:31:35:    Exporting Bone number 52
03:31:35:    Exporting Bone number 53
03:31:35:    Exporting Bone number 54
03:31:35:    Exporting Bone number 55
03:31:35:    Exporting Bone number 56
03:31:35:    Exporting Bone number 57
03:31:35:    Exporting Bone number 58
03:31:35:    Exporting Bone number 59
03:31:35:    Exporting Bone number 60
03:31:35:    Exporting Bone number 61
03:31:35: Bones exported.
03:31:35: Exporting animations, count=83
03:31:35: Exporting animation: AimArmsGeneric.R
03:31:35: Animation exported.
03:31:35: Exporting animation: BatAim2Arms.R
03:31:35: Animation exported.
03:31:35: Exporting animation: BatAimArms.R
03:31:35: Animation exported.
03:31:35: Exporting animation: BatStrike2Arms.R
03:31:35: Animation exported.
03:31:35: Exporting animation: BatStrikeArms.R
03:31:35: Animation exported.
03:31:35: Exporting animation: BowAimArms
03:31:35: Animation exported.
03:31:35: Exporting animation: BowJump
03:31:35: Animation exported.
03:31:35: Exporting animation: BowKneel
03:31:35: Animation exported.
03:31:35: Exporting animation: BowLoadArms
03:31:35: Animation exported.
03:31:35: Exporting animation: BowStand
03:31:35: Animation exported.
03:31:35: Exporting animation: BowWalk
03:31:35: Animation exported.
03:31:35: Exporting animation: CarryArms
03:31:35: Animation exported.
03:31:35: Exporting animation: CarryArmsPickup
03:31:35: Animation exported.
03:31:35: Exporting animation: CarryArmsSetdown
03:31:35: Animation exported.
03:31:35: Exporting animation: CarryCrossbow
03:31:35: Animation exported.
03:31:35: Exporting animation: CarryMusket
03:31:35: Animation exported.
03:31:35: Exporting animation: CarrySpear
03:31:35: Animation exported.
03:31:35: Exporting animation: CatapultSit
03:31:35: Animation exported.
03:31:35: Exporting animation: Chop.R
03:31:35: Animation exported.
03:31:35: Exporting animation: Close1Hand
03:31:35: Animation exported.
03:31:35: Exporting animation: Close2Hand
03:31:35: Animation exported.
03:31:35: Exporting animation: CloseEyes
03:31:35: Animation exported.
03:31:35: Exporting animation: CrossbowAimArms
03:31:35: Animation exported.
03:31:35: Exporting animation: Dead
03:31:35: Animation exported.
03:31:35: Exporting animation: Dig
03:31:35: Animation exported.
03:31:35: Exporting animation: DoIgnite
03:31:35: Animation exported.
03:31:35: Exporting animation: Drive
03:31:35: Animation exported.
03:31:35: Exporting animation: Eat
03:31:35: Animation exported.
03:31:35: Exporting animation: FallLong
03:31:35: Animation exported.
03:31:35: Exporting animation: FallShort
03:31:36: Animation exported.
03:31:36: Exporting animation: Hangle
03:31:36: Animation exported.
03:31:36: Exporting animation: HangleStand
03:31:36: Animation exported.
03:31:36: Exporting animation: IdleHandstrech
03:31:36: Animation exported.
03:31:36: Exporting animation: IdleHandwatch
03:31:36: Animation exported.
03:31:36: Exporting animation: IdleLookAround
03:31:36: Animation exported.
03:31:36: Exporting animation: IdleScratch
03:31:36: Animation exported.
03:31:36: Exporting animation: IdleShoe
03:31:36: Animation exported.
03:31:36: Exporting animation: IdleShoeSole
03:31:36: Animation exported.
03:31:36: Exporting animation: IdleStrech
03:31:36: Animation exported.
03:31:36: Exporting animation: Inside
03:31:36: Animation exported.
03:31:36: Exporting animation: Jump.L
03:31:36: Animation exported.
03:31:36: Exporting animation: JumpDive
03:31:36: Animation exported.
03:31:36: Exporting animation: JumpUp.L
03:31:36: Animation exported.
03:31:36: Exporting animation: JumpWall.R
03:31:36: Animation exported.
03:31:36: Exporting animation: KneelDown
03:31:36: Animation exported.
03:31:36: Exporting animation: KneelRoll
03:31:36: Animation exported.
03:31:36: Exporting animation: Magic
03:31:36: Animation exported.
03:31:36: Exporting animation: MagicIdle
03:31:36: Animation exported.
03:31:36: Exporting animation: MusketAimArms
03:31:36: Animation exported.
03:31:36: Exporting animation: MusketLoadArms
03:31:36: Animation exported.
03:31:36: Exporting animation: OnRope
03:31:36: Animation exported.
03:31:36: Exporting animation: PosRocket
03:31:36: Animation exported.
03:31:36: Exporting animation: Push
03:31:36: Animation exported.
03:31:36: Exporting animation: RopeClimb
03:31:36: Animation exported.
03:31:36: Exporting animation: RopeDown
03:31:36: Animation exported.
03:31:36: Exporting animation: RopeSwing
03:31:36: Animation exported.
03:31:36: Exporting animation: Run
03:31:36: Animation exported.
03:31:36: Exporting animation: Scale
03:31:36: Animation exported.
03:31:36: Exporting animation: ScaleHands
03:31:36: Animation exported.
03:31:36: Exporting animation: ScaleTop
03:31:36: Animation exported.
03:31:36: Exporting animation: ShieldArms.L
03:31:36: Animation exported.
03:31:36: Exporting animation: ShieldStandDown.L
03:31:36: Animation exported.
03:31:36: Exporting animation: ShieldStandUp.L
03:31:36: Animation exported.
03:31:36: Exporting animation: ShieldWalkDown.L
03:31:36: Animation exported.
03:31:36: Exporting animation: ShieldWalkUp.L
03:31:36: Animation exported.
03:31:36: Exporting animation: SpearAimArms
03:31:36: Animation exported.
03:31:36: Exporting animation: SpearThrow2Arms
03:31:37: Animation exported.
03:31:37: Exporting animation: SpearThrow3Arms
03:31:37: Animation exported.
03:31:37: Exporting animation: SpearThrowArms
03:31:37: Animation exported.
03:31:37: Exporting animation: Stand
03:31:37: Animation exported.
03:31:37: Exporting animation: StrikePickaxe
03:31:37: Animation exported.
03:31:37: Exporting animation: Swim
03:31:37: Animation exported.
03:31:37: Exporting animation: SwimDiveDown
03:31:37: Animation exported.
03:31:37: Exporting animation: SwimDiveUp
03:31:37: Animation exported.
03:31:37: Exporting animation: SwimStand
03:31:37: Animation exported.
03:31:37: Exporting animation: SwordJump1.R
03:31:37: Animation exported.
03:31:37: Exporting animation: SwordJump2.R
03:31:37: Animation exported.
03:31:37: Exporting animation: SwordJump3.R
03:31:37: Animation exported.
03:31:37: Exporting animation: SwordSlash1.R
03:31:37: Animation exported.
03:31:37: Exporting animation: SwordSlash2.R
03:31:37: Animation exported.
03:31:37: Exporting animation: ThrowArms
03:31:37: Animation exported.
03:31:37: Exporting animation: Tumble
03:31:37: Animation exported.
03:31:37: Exporting animation: Walk
03:31:37: Animation exported.
03:31:37: DOM populated, writing XML file..
03:31:38: XMLSkeletonSerializer export successful.
03:31:40: Unregistering ResourceManager for type Skeleton
03:31:40: Unregistering ResourceManager for type Material
03:31:40: Unregistering ResourceManager for type Mesh
